[2025-12-17 13:31:23] local.ERROR: The D:\Semester 5\Electives\Web Programming\Angular Project\Milestone 1\UAS\uas-backend\bootstrap\cache directory must be present and writable. {"exception":"[object] (Exception(code: 0): The D:\\Semester 5\\Electives\\Web Programming\\Angular Project\\Milestone 1\\UAS\\uas-backend\\bootstrap\\cache directory must be present and writable. at D:\\Semester 5\\Electives\\Web Programming\\Angular Project\\Milestone 1\\UAS\\uas-backend\\vendor\\laravel\\framework\\src\\Illuminate\\Foundation\\PackageManifest.php:179)
[stacktrace]
#0 D:\\Semester 5\\Electives\\Web Programming\\Angular Project\\Milestone 1\\UAS\\uas-backend\\vendor\\laravel\\framework\\src\\Illuminate\\Foundation\\PackageManifest.php(132): Illuminate\\Foundation\\PackageManifest->write()
#1 D:\\Semester 5\\Electives\\Web Programming\\Angular Project\\Milestone 1\\UAS\\uas-backend\\vendor\\laravel\\framework\\src\\Illuminate\\Foundation\\PackageManifest.php(108): Illuminate\\Foundation\\PackageManifest->build()
#2 D:\\Semester 5\\Electives\\Web Programming\\Angular Project\\Milestone 1\\UAS\\uas-backend\\vendor\\laravel\\framework\\src\\Illuminate\\Foundation\\PackageManifest.php(91): Illuminate\\Foundation\\PackageManifest->getManifest()
#3 D:\\Semester 5\\Electives\\Web Programming\\Angular Project\\Milestone 1\\UAS\\uas-backend\\vendor\\laravel\\framework\\src\\Illuminate\\Foundation\\PackageManifest.php(80): Illuminate\\Foundation\\PackageManifest->config()
#4 D:\\Semester 5\\Electives\\Web Programming\\Angular Project\\Milestone 1\\UAS\\uas-backend\\vendor\\laravel\\framework\\src\\Illuminate\\Foundation\\Bootstrap\\RegisterFacades.php(26): Illuminate\\Foundation\\PackageManifest->aliases()
#5 D:\\Semester 5\\Electives\\Web Programming\\Angular Project\\Milestone 1\\UAS\\uas-backend\\vendor\\laravel\\framework\\src\\Illuminate\\Foundation\\Application.php(342): Illuminate\\Foundation\\Bootstrap\\RegisterFacades->bootstrap()
#6 D:\\Semester 5\\Electives\\Web Programming\\Angular Project\\Milestone 1\\UAS\\uas-backend\\vendor\\laravel\\framework\\src\\Illuminate\\Foundation\\Console\\Kernel.php(474): Illuminate\\Foundation\\Application->bootstrapWith()
#7 D:\\Semester 5\\Electives\\Web Programming\\Angular Project\\Milestone 1\\UAS\\uas-backend\\vendor\\laravel\\framework\\src\\Illuminate\\Foundation\\Console\\Kernel.php(196): Illuminate\\Foundation\\Console\\Kernel->bootstrap()
#8 D:\\Semester 5\\Electives\\Web Programming\\Angular Project\\Milestone 1\\UAS\\uas-backend\\artisan(14): Illuminate\\Foundation\\Console\\Kernel->handle()
#9 {main}
"} 
[2025-12-17 13:36:09] local.ERROR: could not find driver (Connection: mysql, SQL: select exists (select 1 from information_schema.tables where table_schema = 'uas_db' and table_name = 'migrations' and table_type in ('BASE TABLE', 'SYSTEM VERSIONED')) as `exists`) {"exception":"[object] (Illuminate\\Database\\QueryException(code: 0): could not find driver (Connection: mysql, SQL: select exists (select 1 from information_schema.tables where table_schema = 'uas_db' and table_name = 'migrations' and table_type in ('BASE TABLE', 'SYSTEM VERSIONED')) as `exists`) at D:\\Semester 5\\Electives\\Web Programming\\Angular Project\\Milestone 1\\UAS\\uas-backend\\vendor\\laravel\\framework\\src\\Illuminate\\Database\\Connection.php:825)
[stacktrace]
#0 D:\\Semester 5\\Electives\\Web Programming\\Angular Project\\Milestone 1\\UAS\\uas-backend\\vendor\\laravel\\framework\\src\\Illuminate\\Database\\Connection.php(779): Illuminate\\Database\\Connection->runQueryCallback()
#1 D:\\Semester 5\\Electives\\Web Programming\\Angular Project\\Milestone 1\\UAS\\uas-backend\\vendor\\laravel\\framework\\src\\Illuminate\\Database\\Connection.php(398): Illuminate\\Database\\Connection->run()
#2 D:\\Semester 5\\Electives\\Web Programming\\Angular Project\\Milestone 1\\UAS\\uas-backend\\vendor\\laravel\\framework\\src\\Illuminate\\Database\\Connection.php(344): Illuminate\\Database\\Connection->select()
#3 D:\\Semester 5\\Electives\\Web Programming\\Angular Project\\Milestone 1\\UAS\\uas-backend\\vendor\\laravel\\framework\\src\\Illuminate\\Database\\Connection.php(361): Illuminate\\Database\\Connection->selectOne()
#4 D:\\Semester 5\\Electives\\Web Programming\\Angular Project\\Milestone 1\\UAS\\uas-backend\\vendor\\laravel\\framework\\src\\Illuminate\\Database\\Schema\\MySqlBuilder.php(45): Illuminate\\Database\\Connection->scalar()
#5 D:\\Semester 5\\Electives\\Web Programming\\Angular Project\\Milestone 1\\UAS\\uas-backend\\vendor\\laravel\\framework\\src\\Illuminate\\Database\\Migrations\\DatabaseMigrationRepository.php(184): Illuminate\\Database\\Schema\\MySqlBuilder->hasTable()
#6 D:\\Semester 5\\Electives\\Web Programming\\Angular Project\\Milestone 1\\UAS\\uas-backend\\vendor\\laravel\\framework\\src\\Illuminate\\Database\\Migrations\\Migrator.php(742): Illuminate\\Database\\Migrations\\DatabaseMigrationRepository->repositoryExists()
#7 D:\\Semester 5\\Electives\\Web Programming\\Angular Project\\Milestone 1\\UAS\\uas-backend\\vendor\\laravel\\framework\\src\\Illuminate\\Database\\Console\\Migrations\\MigrateCommand.php(165): Illuminate\\Database\\Migrations\\Migrator->repositoryExists()
#8 D:\\Semester 5\\Electives\\Web Programming\\Angular Project\\Milestone 1\\UAS\\uas-backend\\vendor\\laravel\\framework\\src\\Illuminate\\Support\\helpers.php(338): Illuminate\\Database\\Console\\Migrations\\MigrateCommand->{closure:Illuminate\\Database\\Console\\Migrations\\MigrateCommand::repositoryExists():165}()
#9 D:\\Semester 5\\Electives\\Web Programming\\Angular Project\\Milestone 1\\UAS\\uas-backend\\vendor\\laravel\\framework\\src\\Illuminate\\Database\\Console\\Migrations\\MigrateCommand.php(165): retry()
#10 D:\\Semester 5\\Electives\\Web Programming\\Angular Project\\Milestone 1\\UAS\\uas-backend\\vendor\\laravel\\framework\\src\\Illuminate\\Database\\Console\\Migrations\\MigrateCommand.php(141): Illuminate\\Database\\Console\\Migrations\\MigrateCommand->repositoryExists()
#11 D:\\Semester 5\\Electives\\Web Programming\\Angular Project\\Milestone 1\\UAS\\uas-backend\\vendor\\laravel\\framework\\src\\Illuminate\\Database\\Console\\Migrations\\MigrateCommand.php(111): Illuminate\\Database\\Console\\Migrations\\MigrateCommand->prepareDatabase()
#12 D:\\Semester 5\\Electives\\Web Programming\\Angular Project\\Milestone 1\\UAS\\uas-backend\\vendor\\laravel\\framework\\src\\Illuminate\\Database\\Migrations\\Migrator.php(658): Illuminate\\Database\\Console\\Migrations\\MigrateCommand->{closure:Illuminate\\Database\\Console\\Migrations\\MigrateCommand::runMigrations():110}()
#13 D:\\Semester 5\\Electives\\Web Programming\\Angular Project\\Milestone 1\\UAS\\uas-backend\\vendor\\laravel\\framework\\src\\Illuminate\\Database\\Console\\Migrations\\MigrateCommand.php(110): Illuminate\\Database\\Migrations\\Migrator->usingConnection()
#14 D:\\Semester 5\\Electives\\Web Programming\\Angular Project\\Milestone 1\\UAS\\uas-backend\\vendor\\laravel\\framework\\src\\Illuminate\\Database\\Console\\Migrations\\MigrateCommand.php(89): Illuminate\\Database\\Console\\Migrations\\MigrateCommand->runMigrations()
#15 D:\\Semester 5\\Electives\\Web Programming\\Angular Project\\Milestone 1\\UAS\\uas-backend\\vendor\\laravel\\framework\\src\\Illuminate\\Container\\BoundMethod.php(36): Illuminate\\Database\\Console\\Migrations\\MigrateCommand->handle()
#16 D:\\Semester 5\\Electives\\Web Programming\\Angular Project\\Milestone 1\\UAS\\uas-backend\\vendor\\laravel\\framework\\src\\Illuminate\\Container\\Util.php(43): Illuminate\\Container\\BoundMethod::{closure:Illuminate\\Container\\BoundMethod::call():35}()
#17 D:\\Semester 5\\Electives\\Web Programming\\Angular Project\\Milestone 1\\UAS\\uas-backend\\vendor\\laravel\\framework\\src\\Illuminate\\Container\\BoundMethod.php(95): Illuminate\\Container\\Util::unwrapIfClosure()
#18 D:\\Semester 5\\Electives\\Web Programming\\Angular Project\\Milestone 1\\UAS\\uas-backend\\vendor\\laravel\\framework\\src\\Illuminate\\Container\\BoundMethod.php(35): Illuminate\\Container\\BoundMethod::callBoundMethod()
#19 D:\\Semester 5\\Electives\\Web Programming\\Angular Project\\Milestone 1\\UAS\\uas-backend\\vendor\\laravel\\framework\\src\\Illuminate\\Container\\Container.php(696): Illuminate\\Container\\BoundMethod::call()
#20 D:\\Semester 5\\Electives\\Web Programming\\Angular Project\\Milestone 1\\UAS\\uas-backend\\vendor\\laravel\\framework\\src\\Illuminate\\Console\\Command.php(213): Illuminate\\Container\\Container->call()
#21 D:\\Semester 5\\Electives\\Web Programming\\Angular Project\\Milestone 1\\UAS\\uas-backend\\vendor\\symfony\\console\\Command\\Command.php(341): Illuminate\\Console\\Command->execute()
#22 D:\\Semester 5\\Electives\\Web Programming\\Angular Project\\Milestone 1\\UAS\\uas-backend\\vendor\\laravel\\framework\\src\\Illuminate\\Console\\Command.php(182): Symfony\\Component\\Console\\Command\\Command->run()
#23 D:\\Semester 5\\Electives\\Web Programming\\Angular Project\\Milestone 1\\UAS\\uas-backend\\vendor\\symfony\\console\\Application.php(1102): Illuminate\\Console\\Command->run()
#24 D:\\Semester 5\\Electives\\Web Programming\\Angular Project\\Milestone 1\\UAS\\uas-backend\\vendor\\symfony\\console\\Application.php(356): Symfony\\Component\\Console\\Application->doRunCommand()
#25 D:\\Semester 5\\Electives\\Web Programming\\Angular Project\\Milestone 1\\UAS\\uas-backend\\vendor\\symfony\\console\\Application.php(195): Symfony\\Component\\Console\\Application->doRun()
#26 D:\\Semester 5\\Electives\\Web Programming\\Angular Project\\Milestone 1\\UAS\\uas-backend\\vendor\\laravel\\framework\\src\\Illuminate\\Foundation\\Console\\Kernel.php(198): Symfony\\Component\\Console\\Application->run()
#27 D:\\Semester 5\\Electives\\Web Programming\\Angular Project\\Milestone 1\\UAS\\uas-backend\\artisan(14): Illuminate\\Foundation\\Console\\Kernel->handle()
#28 {main}

[previous exception] [object] (PDOException(code: 0): could not find driver at D:\\Semester 5\\Electives\\Web Programming\\Angular Project\\Milestone 1\\UAS\\uas-backend\\vendor\\laravel\\framework\\src\\Illuminate\\Database\\Connectors\\Connector.php:67)
[stacktrace]
#0 D:\\Semester 5\\Electives\\Web Programming\\Angular Project\\Milestone 1\\UAS\\uas-backend\\vendor\\laravel\\framework\\src\\Illuminate\\Database\\Connectors\\Connector.php(67): PDO::connect()
#1 D:\\Semester 5\\Electives\\Web Programming\\Angular Project\\Milestone 1\\UAS\\uas-backend\\vendor\\laravel\\framework\\src\\Illuminate\\Database\\Connectors\\Connector.php(44): Illuminate\\Database\\Connectors\\Connector->createPdoConnection()
#2 D:\\Semester 5\\Electives\\Web Programming\\Angular Project\\Milestone 1\\UAS\\uas-backend\\vendor\\laravel\\framework\\src\\Illuminate\\Database\\Connectors\\MySqlConnector.php(24): Illuminate\\Database\\Connectors\\Connector->createConnection()
#3 D:\\Semester 5\\Electives\\Web Programming\\Angular Project\\Milestone 1\\UAS\\uas-backend\\vendor\\laravel\\framework\\src\\Illuminate\\Database\\Connectors\\ConnectionFactory.php(185): Illuminate\\Database\\Connectors\\MySqlConnector->connect()
#4 [internal function]: Illuminate\\Database\\Connectors\\ConnectionFactory->{closure:Illuminate\\Database\\Connectors\\ConnectionFactory::createPdoResolverWithHosts():180}()
#5 D:\\Semester 5\\Electives\\Web Programming\\Angular Project\\Milestone 1\\UAS\\uas-backend\\vendor\\laravel\\framework\\src\\Illuminate\\Database\\Connection.php(1231): call_user_func()
#6 D:\\Semester 5\\Electives\\Web Programming\\Angular Project\\Milestone 1\\UAS\\uas-backend\\vendor\\laravel\\framework\\src\\Illuminate\\Database\\Connection.php(1267): Illuminate\\Database\\Connection->getPdo()
#7 D:\\Semester 5\\Electives\\Web Programming\\Angular Project\\Milestone 1\\UAS\\uas-backend\\vendor\\laravel\\framework\\src\\Illuminate\\Database\\Connection.php(512): Illuminate\\Database\\Connection->getReadPdo()
#8 D:\\Semester 5\\Electives\\Web Programming\\Angular Project\\Milestone 1\\UAS\\uas-backend\\vendor\\laravel\\framework\\src\\Illuminate\\Database\\Connection.php(407): Illuminate\\Database\\Connection->getPdoForSelect()
#9 D:\\Semester 5\\Electives\\Web Programming\\Angular Project\\Milestone 1\\UAS\\uas-backend\\vendor\\laravel\\framework\\src\\Illuminate\\Database\\Connection.php(812): Illuminate\\Database\\Connection->{closure:Illuminate\\Database\\Connection::select():398}()
#10 D:\\Semester 5\\Electives\\Web Programming\\Angular Project\\Milestone 1\\UAS\\uas-backend\\vendor\\laravel\\framework\\src\\Illuminate\\Database\\Connection.php(779): Illuminate\\Database\\Connection->runQueryCallback()
#11 D:\\Semester 5\\Electives\\Web Programming\\Angular Project\\Milestone 1\\UAS\\uas-backend\\vendor\\laravel\\framework\\src\\Illuminate\\Database\\Connection.php(398): Illuminate\\Database\\Connection->run()
#12 D:\\Semester 5\\Electives\\Web Programming\\Angular Project\\Milestone 1\\UAS\\uas-backend\\vendor\\laravel\\framework\\src\\Illuminate\\Database\\Connection.php(344): Illuminate\\Database\\Connection->select()
#13 D:\\Semester 5\\Electives\\Web Programming\\Angular Project\\Milestone 1\\UAS\\uas-backend\\vendor\\laravel\\framework\\src\\Illuminate\\Database\\Connection.php(361): Illuminate\\Database\\Connection->selectOne()
#14 D:\\Semester 5\\Electives\\Web Programming\\Angular Project\\Milestone 1\\UAS\\uas-backend\\vendor\\laravel\\framework\\src\\Illuminate\\Database\\Schema\\MySqlBuilder.php(45): Illuminate\\Database\\Connection->scalar()
#15 D:\\Semester 5\\Electives\\Web Programming\\Angular Project\\Milestone 1\\UAS\\uas-backend\\vendor\\laravel\\framework\\src\\Illuminate\\Database\\Migrations\\DatabaseMigrationRepository.php(184): Illuminate\\Database\\Schema\\MySqlBuilder->hasTable()
#16 D:\\Semester 5\\Electives\\Web Programming\\Angular Project\\Milestone 1\\UAS\\uas-backend\\vendor\\laravel\\framework\\src\\Illuminate\\Database\\Migrations\\Migrator.php(742): Illuminate\\Database\\Migrations\\DatabaseMigrationRepository->repositoryExists()
#17 D:\\Semester 5\\Electives\\Web Programming\\Angular Project\\Milestone 1\\UAS\\uas-backend\\vendor\\laravel\\framework\\src\\Illuminate\\Database\\Console\\Migrations\\MigrateCommand.php(165): Illuminate\\Database\\Migrations\\Migrator->repositoryExists()
#18 D:\\Semester 5\\Electives\\Web Programming\\Angular Project\\Milestone 1\\UAS\\uas-backend\\vendor\\laravel\\framework\\src\\Illuminate\\Support\\helpers.php(338): Illuminate\\Database\\Console\\Migrations\\MigrateCommand->{closure:Illuminate\\Database\\Console\\Migrations\\MigrateCommand::repositoryExists():165}()
#19 D:\\Semester 5\\Electives\\Web Programming\\Angular Project\\Milestone 1\\UAS\\uas-backend\\vendor\\laravel\\framework\\src\\Illuminate\\Database\\Console\\Migrations\\MigrateCommand.php(165): retry()
#20 D:\\Semester 5\\Electives\\Web Programming\\Angular Project\\Milestone 1\\UAS\\uas-backend\\vendor\\laravel\\framework\\src\\Illuminate\\Database\\Console\\Migrations\\MigrateCommand.php(141): Illuminate\\Database\\Console\\Migrations\\MigrateCommand->repositoryExists()
#21 D:\\Semester 5\\Electives\\Web Programming\\Angular Project\\Milestone 1\\UAS\\uas-backend\\vendor\\laravel\\framework\\src\\Illuminate\\Database\\Console\\Migrations\\MigrateCommand.php(111): Illuminate\\Database\\Console\\Migrations\\MigrateCommand->prepareDatabase()
#22 D:\\Semester 5\\Electives\\Web Programming\\Angular Project\\Milestone 1\\UAS\\uas-backend\\vendor\\laravel\\framework\\src\\Illuminate\\Database\\Migrations\\Migrator.php(658): Illuminate\\Database\\Console\\Migrations\\MigrateCommand->{closure:Illuminate\\Database\\Console\\Migrations\\MigrateCommand::runMigrations():110}()
#23 D:\\Semester 5\\Electives\\Web Programming\\Angular Project\\Milestone 1\\UAS\\uas-backend\\vendor\\laravel\\framework\\src\\Illuminate\\Database\\Console\\Migrations\\MigrateCommand.php(110): Illuminate\\Database\\Migrations\\Migrator->usingConnection()
#24 D:\\Semester 5\\Electives\\Web Programming\\Angular Project\\Milestone 1\\UAS\\uas-backend\\vendor\\laravel\\framework\\src\\Illuminate\\Database\\Console\\Migrations\\MigrateCommand.php(89): Illuminate\\Database\\Console\\Migrations\\MigrateCommand->runMigrations()
#25 D:\\Semester 5\\Electives\\Web Programming\\Angular Project\\Milestone 1\\UAS\\uas-backend\\vendor\\laravel\\framework\\src\\Illuminate\\Container\\BoundMethod.php(36): Illuminate\\Database\\Console\\Migrations\\MigrateCommand->handle()
#26 D:\\Semester 5\\Electives\\Web Programming\\Angular Project\\Milestone 1\\UAS\\uas-backend\\vendor\\laravel\\framework\\src\\Illuminate\\Container\\Util.php(43): Illuminate\\Container\\BoundMethod::{closure:Illuminate\\Container\\BoundMethod::call():35}()
#27 D:\\Semester 5\\Electives\\Web Programming\\Angular Project\\Milestone 1\\UAS\\uas-backend\\vendor\\laravel\\framework\\src\\Illuminate\\Container\\BoundMethod.php(95): Illuminate\\Container\\Util::unwrapIfClosure()
#28 D:\\Semester 5\\Electives\\Web Programming\\Angular Project\\Milestone 1\\UAS\\uas-backend\\vendor\\laravel\\framework\\src\\Illuminate\\Container\\BoundMethod.php(35): Illuminate\\Container\\BoundMethod::callBoundMethod()
#29 D:\\Semester 5\\Electives\\Web Programming\\Angular Project\\Milestone 1\\UAS\\uas-backend\\vendor\\laravel\\framework\\src\\Illuminate\\Container\\Container.php(696): Illuminate\\Container\\BoundMethod::call()
#30 D:\\Semester 5\\Electives\\Web Programming\\Angular Project\\Milestone 1\\UAS\\uas-backend\\vendor\\laravel\\framework\\src\\Illuminate\\Console\\Command.php(213): Illuminate\\Container\\Container->call()
#31 D:\\Semester 5\\Electives\\Web Programming\\Angular Project\\Milestone 1\\UAS\\uas-backend\\vendor\\symfony\\console\\Command\\Command.php(341): Illuminate\\Console\\Command->execute()
#32 D:\\Semester 5\\Electives\\Web Programming\\Angular Project\\Milestone 1\\UAS\\uas-backend\\vendor\\laravel\\framework\\src\\Illuminate\\Console\\Command.php(182): Symfony\\Component\\Console\\Command\\Command->run()
#33 D:\\Semester 5\\Electives\\Web Programming\\Angular Project\\Milestone 1\\UAS\\uas-backend\\vendor\\symfony\\console\\Application.php(1102): Illuminate\\Console\\Command->run()
#34 D:\\Semester 5\\Electives\\Web Programming\\Angular Project\\Milestone 1\\UAS\\uas-backend\\vendor\\symfony\\console\\Application.php(356): Symfony\\Component\\Console\\Application->doRunCommand()
#35 D:\\Semester 5\\Electives\\Web Programming\\Angular Project\\Milestone 1\\UAS\\uas-backend\\vendor\\symfony\\console\\Application.php(195): Symfony\\Component\\Console\\Application->doRun()
#36 D:\\Semester 5\\Electives\\Web Programming\\Angular Project\\Milestone 1\\UAS\\uas-backend\\vendor\\laravel\\framework\\src\\Illuminate\\Foundation\\Console\\Kernel.php(198): Symfony\\Component\\Console\\Application->run()
#37 D:\\Semester 5\\Electives\\Web Programming\\Angular Project\\Milestone 1\\UAS\\uas-backend\\artisan(14): Illuminate\\Foundation\\Console\\Kernel->handle()
#38 {main}
"} 
[2025-12-17 13:38:39] local.ERROR: Call to undefined function Illuminate\Support\mb_split() {"exception":"[object] (Error(code: 0): Call to undefined function Illuminate\\Support\\mb_split() at D:\\Semester 5\\Electives\\Web Programming\\Angular Project\\Milestone 1\\UAS\\uas-backend\\vendor\\laravel\\framework\\src\\Illuminate\\Support\\Str.php:1641)
[stacktrace]
#0 D:\\Semester 5\\Electives\\Web Programming\\Angular Project\\Milestone 1\\UAS\\uas-backend\\vendor\\laravel\\framework\\src\\Illuminate\\Database\\Migrations\\Migrator.php(559): Illuminate\\Support\\Str::studly()
#1 D:\\Semester 5\\Electives\\Web Programming\\Angular Project\\Milestone 1\\UAS\\uas-backend\\vendor\\laravel\\framework\\src\\Illuminate\\Database\\Migrations\\Migrator.php(534): Illuminate\\Database\\Migrations\\Migrator->getMigrationClass()
#2 D:\\Semester 5\\Electives\\Web Programming\\Angular Project\\Milestone 1\\UAS\\uas-backend\\vendor\\laravel\\framework\\src\\Illuminate\\Database\\Migrations\\Migrator.php(236): Illuminate\\Database\\Migrations\\Migrator->resolvePath()
#3 D:\\Semester 5\\Electives\\Web Programming\\Angular Project\\Milestone 1\\UAS\\uas-backend\\vendor\\laravel\\framework\\src\\Illuminate\\Database\\Migrations\\Migrator.php(211): Illuminate\\Database\\Migrations\\Migrator->runUp()
#4 D:\\Semester 5\\Electives\\Web Programming\\Angular Project\\Milestone 1\\UAS\\uas-backend\\vendor\\laravel\\framework\\src\\Illuminate\\Database\\Migrations\\Migrator.php(138): Illuminate\\Database\\Migrations\\Migrator->runPending()
#5 D:\\Semester 5\\Electives\\Web Programming\\Angular Project\\Milestone 1\\UAS\\uas-backend\\vendor\\laravel\\framework\\src\\Illuminate\\Database\\Console\\Migrations\\MigrateCommand.php(117): Illuminate\\Database\\Migrations\\Migrator->run()
#6 D:\\Semester 5\\Electives\\Web Programming\\Angular Project\\Milestone 1\\UAS\\uas-backend\\vendor\\laravel\\framework\\src\\Illuminate\\Database\\Migrations\\Migrator.php(658): Illuminate\\Database\\Console\\Migrations\\MigrateCommand->{closure:Illuminate\\Database\\Console\\Migrations\\MigrateCommand::runMigrations():110}()
#7 D:\\Semester 5\\Electives\\Web Programming\\Angular Project\\Milestone 1\\UAS\\uas-backend\\vendor\\laravel\\framework\\src\\Illuminate\\Database\\Console\\Migrations\\MigrateCommand.php(110): Illuminate\\Database\\Migrations\\Migrator->usingConnection()
#8 D:\\Semester 5\\Electives\\Web Programming\\Angular Project\\Milestone 1\\UAS\\uas-backend\\vendor\\laravel\\framework\\src\\Illuminate\\Database\\Console\\Migrations\\MigrateCommand.php(89): Illuminate\\Database\\Console\\Migrations\\MigrateCommand->runMigrations()
#9 D:\\Semester 5\\Electives\\Web Programming\\Angular Project\\Milestone 1\\UAS\\uas-backend\\vendor\\laravel\\framework\\src\\Illuminate\\Container\\BoundMethod.php(36): Illuminate\\Database\\Console\\Migrations\\MigrateCommand->handle()
#10 D:\\Semester 5\\Electives\\Web Programming\\Angular Project\\Milestone 1\\UAS\\uas-backend\\vendor\\laravel\\framework\\src\\Illuminate\\Container\\Util.php(43): Illuminate\\Container\\BoundMethod::{closure:Illuminate\\Container\\BoundMethod::call():35}()
#11 D:\\Semester 5\\Electives\\Web Programming\\Angular Project\\Milestone 1\\UAS\\uas-backend\\vendor\\laravel\\framework\\src\\Illuminate\\Container\\BoundMethod.php(95): Illuminate\\Container\\Util::unwrapIfClosure()
#12 D:\\Semester 5\\Electives\\Web Programming\\Angular Project\\Milestone 1\\UAS\\uas-backend\\vendor\\laravel\\framework\\src\\Illuminate\\Container\\BoundMethod.php(35): Illuminate\\Container\\BoundMethod::callBoundMethod()
#13 D:\\Semester 5\\Electives\\Web Programming\\Angular Project\\Milestone 1\\UAS\\uas-backend\\vendor\\laravel\\framework\\src\\Illuminate\\Container\\Container.php(696): Illuminate\\Container\\BoundMethod::call()
#14 D:\\Semester 5\\Electives\\Web Programming\\Angular Project\\Milestone 1\\UAS\\uas-backend\\vendor\\laravel\\framework\\src\\Illuminate\\Console\\Command.php(213): Illuminate\\Container\\Container->call()
#15 D:\\Semester 5\\Electives\\Web Programming\\Angular Project\\Milestone 1\\UAS\\uas-backend\\vendor\\symfony\\console\\Command\\Command.php(341): Illuminate\\Console\\Command->execute()
#16 D:\\Semester 5\\Electives\\Web Programming\\Angular Project\\Milestone 1\\UAS\\uas-backend\\vendor\\laravel\\framework\\src\\Illuminate\\Console\\Command.php(182): Symfony\\Component\\Console\\Command\\Command->run()
#17 D:\\Semester 5\\Electives\\Web Programming\\Angular Project\\Milestone 1\\UAS\\uas-backend\\vendor\\symfony\\console\\Application.php(1102): Illuminate\\Console\\Command->run()
#18 D:\\Semester 5\\Electives\\Web Programming\\Angular Project\\Milestone 1\\UAS\\uas-backend\\vendor\\symfony\\console\\Application.php(356): Symfony\\Component\\Console\\Application->doRunCommand()
#19 D:\\Semester 5\\Electives\\Web Programming\\Angular Project\\Milestone 1\\UAS\\uas-backend\\vendor\\symfony\\console\\Application.php(195): Symfony\\Component\\Console\\Application->doRun()
#20 D:\\Semester 5\\Electives\\Web Programming\\Angular Project\\Milestone 1\\UAS\\uas-backend\\vendor\\laravel\\framework\\src\\Illuminate\\Foundation\\Console\\Kernel.php(198): Symfony\\Component\\Console\\Application->run()
#21 D:\\Semester 5\\Electives\\Web Programming\\Angular Project\\Milestone 1\\UAS\\uas-backend\\artisan(14): Illuminate\\Foundation\\Console\\Kernel->handle()
#22 {main}
"} 
[2025-12-17 13:42:33] local.ERROR: The provided cwd "D:\Semester 5\Electives\Web Programming\Angular Project\Milestone 1\UAS\uas-backend\public" does not exist. {"exception":"[object] (Symfony\\Component\\Process\\Exception\\RuntimeException(code: 0): The provided cwd \"D:\\Semester 5\\Electives\\Web Programming\\Angular Project\\Milestone 1\\UAS\\uas-backend\\public\" does not exist. at D:\\Semester 5\\Electives\\Web Programming\\Angular Project\\Milestone 1\\UAS\\uas-backend\\vendor\\symfony\\process\\Process.php:347)
[stacktrace]
#0 D:\\Semester 5\\Electives\\Web Programming\\Angular Project\\Milestone 1\\UAS\\uas-backend\\vendor\\laravel\\framework\\src\\Illuminate\\Foundation\\Console\\ServeCommand.php(190): Symfony\\Component\\Process\\Process->start()
#1 D:\\Semester 5\\Electives\\Web Programming\\Angular Project\\Milestone 1\\UAS\\uas-backend\\vendor\\laravel\\framework\\src\\Illuminate\\Foundation\\Console\\ServeCommand.php(129): Illuminate\\Foundation\\Console\\ServeCommand->startProcess()
#2 D:\\Semester 5\\Electives\\Web Programming\\Angular Project\\Milestone 1\\UAS\\uas-backend\\vendor\\laravel\\framework\\src\\Illuminate\\Container\\BoundMethod.php(36): Illuminate\\Foundation\\Console\\ServeCommand->handle()
#3 D:\\Semester 5\\Electives\\Web Programming\\Angular Project\\Milestone 1\\UAS\\uas-backend\\vendor\\laravel\\framework\\src\\Illuminate\\Container\\Util.php(43): Illuminate\\Container\\BoundMethod::{closure:Illuminate\\Container\\BoundMethod::call():35}()
#4 D:\\Semester 5\\Electives\\Web Programming\\Angular Project\\Milestone 1\\UAS\\uas-backend\\vendor\\laravel\\framework\\src\\Illuminate\\Container\\BoundMethod.php(95): Illuminate\\Container\\Util::unwrapIfClosure()
#5 D:\\Semester 5\\Electives\\Web Programming\\Angular Project\\Milestone 1\\UAS\\uas-backend\\vendor\\laravel\\framework\\src\\Illuminate\\Container\\BoundMethod.php(35): Illuminate\\Container\\BoundMethod::callBoundMethod()
#6 D:\\Semester 5\\Electives\\Web Programming\\Angular Project\\Milestone 1\\UAS\\uas-backend\\vendor\\laravel\\framework\\src\\Illuminate\\Container\\Container.php(696): Illuminate\\Container\\BoundMethod::call()
#7 D:\\Semester 5\\Electives\\Web Programming\\Angular Project\\Milestone 1\\UAS\\uas-backend\\vendor\\laravel\\framework\\src\\Illuminate\\Console\\Command.php(213): Illuminate\\Container\\Container->call()
#8 D:\\Semester 5\\Electives\\Web Programming\\Angular Project\\Milestone 1\\UAS\\uas-backend\\vendor\\symfony\\console\\Command\\Command.php(341): Illuminate\\Console\\Command->execute()
#9 D:\\Semester 5\\Electives\\Web Programming\\Angular Project\\Milestone 1\\UAS\\uas-backend\\vendor\\laravel\\framework\\src\\Illuminate\\Console\\Command.php(182): Symfony\\Component\\Console\\Command\\Command->run()
#10 D:\\Semester 5\\Electives\\Web Programming\\Angular Project\\Milestone 1\\UAS\\uas-backend\\vendor\\symfony\\console\\Application.php(1102): Illuminate\\Console\\Command->run()
#11 D:\\Semester 5\\Electives\\Web Programming\\Angular Project\\Milestone 1\\UAS\\uas-backend\\vendor\\symfony\\console\\Application.php(356): Symfony\\Component\\Console\\Application->doRunCommand()
#12 D:\\Semester 5\\Electives\\Web Programming\\Angular Project\\Milestone 1\\UAS\\uas-backend\\vendor\\symfony\\console\\Application.php(195): Symfony\\Component\\Console\\Application->doRun()
#13 D:\\Semester 5\\Electives\\Web Programming\\Angular Project\\Milestone 1\\UAS\\uas-backend\\vendor\\laravel\\framework\\src\\Illuminate\\Foundation\\Console\\Kernel.php(198): Symfony\\Component\\Console\\Application->run()
#14 D:\\Semester 5\\Electives\\Web Programming\\Angular Project\\Milestone 1\\UAS\\uas-backend\\artisan(14): Illuminate\\Foundation\\Console\\Kernel->handle()
#15 {main}
"} 
